\BOOKMARK [0][]{chapter.1}{\376\377\0001\000\040\177\121\176\334\177\026\172\013\040\024\040\024\000S\000O\000C\000K\000E\000T\137\000\123\321}{}% 1
\BOOKMARK [1][]{section.1.1}{\376\377\0001\000.\0001\000\040\213\241\173\227\147\072\127\372\170\100}{chapter.1}% 2
\BOOKMARK [2][]{subsection.1.1.1}{\376\377\0001\000.\0001\000.\0001\000\040\116\300\116\110\146\057\000C\000/\000S\147\266\147\204}{section.1.1}% 3
\BOOKMARK [2][]{subsection.1.1.2}{\376\377\0001\000.\0001\000.\0002\000\040\116\300\116\110\146\057\177\121\176\334}{section.1.1}% 4
\BOOKMARK [2][]{subsection.1.1.3}{\376\377\0001\000.\0001\000.\0003\000\040\116\300\116\110\146\057\000T\000C\000P\000/\000I\000P\000?}{section.1.1}% 5
\BOOKMARK [2][]{subsection.1.1.4}{\376\377\0001\000.\0001\000.\0004\000\040\000T\000C\000P\000/\000I\000P\166\204\215\167\156\220}{section.1.1}% 6
\BOOKMARK [2][]{subsection.1.1.5}{\376\377\0001\000.\0001\000.\0005\000\040\000O\000S\000I\116\003\134\102\152\041\127\213}{section.1.1}% 7
\BOOKMARK [0][]{chapter.2}{\376\377\0002\000\040\155\367\154\214\116\016\155\367\116\161}{}% 8
\BOOKMARK [1][]{section.2.1}{\376\377\0002\000.\0001\000\040\000I\000P\060\001\000M\000A\000C\124\214\172\357\123\343\123\367}{chapter.2}% 9
\BOOKMARK [2][]{subsection.2.1.1}{\376\377\0002\000.\0001\000.\0001\000\040\000I\000P\127\060\127\100}{section.2.1}% 10
\BOOKMARK [2][]{subsection.2.1.2}{\376\377\0002\000.\0001\000.\0002\000\040\000M\000A\000C\127\060\127\100}{section.2.1}% 11
\BOOKMARK [2][]{subsection.2.1.3}{\376\377\0002\000.\0001\000.\0003\000\040\172\357\123\343\123\367}{section.2.1}% 12
\BOOKMARK [1][]{section.2.2}{\376\377\0002\000.\0002\000\040\000T\000C\000P\127\372\147\054\213\244\213\306}{chapter.2}% 13
\BOOKMARK [2][]{subsection.2.2.1}{\376\377\0002\000.\0002\000.\0001\000\040\116\072\116\300\116\110\227\000\211\201\000T\000C\000P\123\117\213\256\377\037\000T\000C\000P\135\345\117\134\127\050\124\352\116\000\134\102}{section.2.2}% 14
\BOOKMARK [2][]{subsection.2.2.2}{\376\377\0002\000.\0002\000.\0002\000\040\116\300\116\110\146\057\000T\000C\000P\377\037}{section.2.2}% 15
\BOOKMARK [2][]{subsection.2.2.3}{\376\377\0002\000.\0002\000.\0003\000\040\116\300\116\110\146\057\000s\000o\000c\000k\000e\000t\000?}{section.2.2}% 16
\BOOKMARK [2][]{subsection.2.2.4}{\376\377\0002\000.\0002\000.\0004\000\040\131\202\117\125\125\057\116\000\170\156\133\232\116\000\116\052\000\040\000T\000C\000P\000\040\217\336\143\245\124\142\377\037}{section.2.2}% 17
\BOOKMARK [2][]{subsection.2.2.5}{\376\377\0002\000.\0002\000.\0005\000\040\000U\000D\000P\124\214\000T\000C\000P\147\011\116\300\116\110\123\072\122\053\124\142\377\037}{section.2.2}% 18
\BOOKMARK [2][]{subsection.2.2.6}{\376\377\0002\000.\0002\000.\0006\000\040\000T\000C\000P\116\016\000U\000D\000P\123\072\122\053\124\214\136\224\165\050\127\072\146\157}{section.2.2}% 19
\BOOKMARK [1][]{section.2.3}{\376\377\0002\000.\0003\000\040\000T\000C\000P\000\040\217\336\143\245\136\372\172\313}{chapter.2}% 20
\BOOKMARK [2][]{subsection.2.3.1}{\376\377\0002\000.\0003\000.\0001\000\040\000T\000C\000P\116\011\153\041\143\341\142\113\217\307\172\013\124\214\162\266\140\001\123\330\217\301}{section.2.3}% 21
\BOOKMARK [0][]{chapter.3}{\376\377\0003\000\040\173\024\213\260\123\072}{}% 22
\BOOKMARK [1][]{section.3.1}{\376\377\0003\000.\0001\000\040\000T\000C\000P\000/\000I\000P\152\041\127\213\116\313\176\315}{chapter.3}% 23
\BOOKMARK [2][]{subsection.3.1.1}{\376\377\0003\000.\0001\000.\0001\000\040\000O\000S\000I\116\003\134\102\152\041\127\213}{section.3.1}% 24
\BOOKMARK [2][]{subsection.3.1.2}{\376\377\0003\000.\0001\000.\0002\000\040\000T\000C\000P\000/\000I\000P\152\041\127\213}{section.3.1}% 25
\BOOKMARK [1][]{section.3.2}{\376\377\0003\000.\0002\000\040\116\345\131\052\177\121\123\117\213\256\116\313\176\315}{chapter.3}% 26
\BOOKMARK [1][]{section.3.3}{\376\377\0003\000.\0003\000\040\000I\000P\123\117\213\256\116\313\176\315}{chapter.3}% 27
\BOOKMARK [1][]{section.3.4}{\376\377\0003\000.\0004\000\040\000U\000D\000P\123\117\213\256\116\313\176\315}{chapter.3}% 28
\BOOKMARK [1][]{section.3.5}{\376\377\0003\000.\0005\000\040\000T\000C\000P\123\117\213\256\116\313\176\315}{chapter.3}% 29
\BOOKMARK [1][]{section.3.6}{\376\377\0003\000.\0006\000\040\000W\000e\000b\123\117\213\256\116\313\176\315}{chapter.3}% 30
\BOOKMARK [1][]{section.3.7}{\376\377\0003\000.\0007\000\040\173\024\213\260\123\072}{chapter.3}% 31
\BOOKMARK [2][]{subsection.3.7.1}{\376\377\0003\000.\0007\000.\0001\000\040\123\357\227\140\166\204\000T\000C\000P\116\016\116\015\123\357\227\140\166\204\000I\000P\000\040}{section.3.7}% 32
